{"level":"info","message":"Hello from Acquisitions!","service":"acquisitions-api"}
{"level":"info","message":"::1 - - [06/Sep/2025:16:31:17 +0000] \"GET / HTTP/1.1\" 304 - \"-\" \"Mozilla/5.0 (Macintosh; Intel Mac OS X 10_15_7) AppleWebKit/537.36 (KHTML, like Gecko) Chrome/139.0.0.0 Safari/537.36\"","service":"acquisitions-api"}
{"level":"info","message":"Hello from Acquisitions!","service":"acquisitions-api"}
{"level":"info","message":"::1 - - [06/Sep/2025:16:31:17 +0000] \"GET / HTTP/1.1\" 304 - \"-\" \"Mozilla/5.0 (Macintosh; Intel Mac OS X 10_15_7) AppleWebKit/537.36 (KHTML, like Gecko) Chrome/139.0.0.0 Safari/537.36\"","service":"acquisitions-api"}
{"level":"info","message":"Hello from Acquisitions!","service":"acquisitions-api"}
{"level":"info","message":"::1 - - [06/Sep/2025:16:31:26 +0000] \"GET / HTTP/1.1\" 304 - \"-\" \"Mozilla/5.0 (Macintosh; Intel Mac OS X 10_15_7) AppleWebKit/537.36 (KHTML, like Gecko) Chrome/139.0.0.0 Safari/537.36\"","service":"acquisitions-api"}
{"level":"info","message":"Hello from Acquisitions!","service":"acquisitions-api"}
{"level":"info","message":"::1 - - [06/Sep/2025:17:15:29 +0000] \"GET / HTTP/1.1\" 304 - \"-\" \"Mozilla/5.0 (Macintosh; Intel Mac OS X 10_15_7) AppleWebKit/537.36 (KHTML, like Gecko) Chrome/139.0.0.0 Safari/537.36\"","service":"acquisitions-api"}
{"level":"info","message":"::1 - - [06/Sep/2025:17:15:32 +0000] \"GET /api HTTP/1.1\" 200 42 \"-\" \"Mozilla/5.0 (Macintosh; Intel Mac OS X 10_15_7) AppleWebKit/537.36 (KHTML, like Gecko) Chrome/139.0.0.0 Safari/537.36\"","service":"acquisitions-api"}
{"level":"info","message":"Hello from Acquisitions!","service":"acquisitions-api"}
{"level":"info","message":"::1 - - [06/Sep/2025:17:20:35 +0000] \"GET / HTTP/1.1\" 200 24 \"-\" \"HTTPie\"","service":"acquisitions-api"}
{"level":"info","message":"Hello from Acquisitions!","service":"acquisitions-api"}
{"level":"info","message":"::1 - - [06/Sep/2025:17:20:37 +0000] \"GET / HTTP/1.1\" 200 24 \"-\" \"HTTPie\"","service":"acquisitions-api"}
{"level":"info","message":"Hello from Acquisitions!","service":"acquisitions-api"}
{"level":"info","message":"::1 - - [06/Sep/2025:17:20:38 +0000] \"GET / HTTP/1.1\" 200 24 \"-\" \"HTTPie\"","service":"acquisitions-api"}
{"level":"info","message":"Hello from Acquisitions!","service":"acquisitions-api"}
{"level":"info","message":"::1 - - [06/Sep/2025:17:21:36 +0000] \"GET / HTTP/1.1\" 200 24 \"-\" \"HTTPie\"","service":"acquisitions-api"}
{"level":"info","message":"::1 - - [06/Sep/2025:17:21:52 +0000] \"GET /api HTTP/1.1\" 200 42 \"-\" \"HTTPie\"","service":"acquisitions-api"}
{"level":"info","message":"::1 - - [06/Sep/2025:17:22:06 +0000] \"GET /health HTTP/1.1\" 200 77 \"-\" \"HTTPie\"","service":"acquisitions-api"}
{"level":"info","message":"::1 - - [06/Sep/2025:17:22:25 +0000] \"POST /api/auth/sign-in HTTP/1.1\" 200 31 \"-\" \"HTTPie\"","service":"acquisitions-api"}
{"level":"info","message":"::1 - - [06/Sep/2025:17:45:43 +0000] \"POST /api/auth/sign-up HTTP/1.1\" 200 31 \"-\" \"HTTPie\"","service":"acquisitions-api"}
{"level":"info","message":"::1 - - [06/Sep/2025:17:46:23 +0000] \"POST /api/auth/sign-up HTTP/1.1\" 400 92 \"-\" \"HTTPie\"","service":"acquisitions-api"}
{"level":"info","message":"::1 - - [06/Sep/2025:17:47:21 +0000] \"POST /api/auth/sign-up HTTP/1.1\" 400 144 \"-\" \"HTTPie\"","service":"acquisitions-api"}
{"level":"info","message":"::1 - - [06/Sep/2025:17:47:44 +0000] \"POST /api/auth/sign-up HTTP/1.1\" 400 92 \"-\" \"HTTPie\"","service":"acquisitions-api"}
{"level":"info","message":"::1 - - [06/Sep/2025:17:47:52 +0000] \"POST /api/auth/sign-up HTTP/1.1\" 400 92 \"-\" \"HTTPie\"","service":"acquisitions-api"}
{"level":"info","message":"User registered successfully: contact@jsmastery.com","service":"acquisitions-api"}
{"level":"info","message":"::1 - - [06/Sep/2025:17:47:59 +0000] \"POST /api/auth/sign-up HTTP/1.1\" 201 107 \"-\" \"HTTPie\"","service":"acquisitions-api"}
{"level":"info","message":"User admin@jsmastery.pro created successfully","service":"acquisitions-api"}
{"level":"info","message":"User registered successfully: admin@jsmastery.pro","service":"acquisitions-api"}
{"level":"info","message":"::1 - - [06/Sep/2025:17:59:12 +0000] \"POST /api/auth/sign-up HTTP/1.1\" 201 105 \"-\" \"HTTPie\"","service":"acquisitions-api"}
{"level":"info","message":"User adrian@jsmastery.pro created successfully","service":"acquisitions-api"}
{"level":"info","message":"User registered successfully: adrian@jsmastery.pro","service":"acquisitions-api"}
{"level":"info","message":"::1 - - [06/Sep/2025:17:59:24 +0000] \"POST /api/auth/sign-up HTTP/1.1\" 201 106 \"-\" \"HTTPie\"","service":"acquisitions-api"}
{"level":"info","message":"User adrian@jsmastery.pro authenticated successfully","service":"acquisitions-api"}
{"level":"info","message":"User signed in successfully: adrian@jsmastery.pro","service":"acquisitions-api"}
{"level":"info","message":"::1 - - [06/Sep/2025:19:06:05 +0000] \"POST /api/auth/sign-in HTTP/1.1\" 200 118 \"-\" \"HTTPie\"","service":"acquisitions-api"}
{"level":"info","message":"User signed out successfully","service":"acquisitions-api"}
{"level":"info","message":"::1 - - [06/Sep/2025:19:06:30 +0000] \"POST /api/auth/sign-out HTTP/1.1\" 200 42 \"-\" \"HTTPie\"","service":"acquisitions-api"}
{"level":"info","message":"::1 - - [07/Sep/2025:07:08:30 +0000] \"GET /health HTTP/1.1\" 200 75 \"-\" \"HTTPie\"","service":"acquisitions-api"}
{"level":"info","message":"::1 - - [07/Sep/2025:07:09:07 +0000] \"GET /health HTTP/1.1\" 200 73 \"-\" \"HTTPie\"","service":"acquisitions-api"}
{"level":"info","message":"::1 - - [07/Sep/2025:07:09:07 +0000] \"GET /health HTTP/1.1\" 200 76 \"-\" \"HTTPie\"","service":"acquisitions-api"}
{"level":"info","message":"::1 - - [07/Sep/2025:07:09:08 +0000] \"GET /health HTTP/1.1\" 200 76 \"-\" \"HTTPie\"","service":"acquisitions-api"}
{"level":"info","message":"::1 - - [07/Sep/2025:07:09:08 +0000] \"GET /health HTTP/1.1\" 200 76 \"-\" \"HTTPie\"","service":"acquisitions-api"}
{"level":"info","message":"::1 - - [07/Sep/2025:07:09:08 +0000] \"GET /health HTTP/1.1\" 200 76 \"-\" \"HTTPie\"","service":"acquisitions-api"}
{"ip":"::1","level":"warn","message":"Rate limit exceeded","path":"/health","service":"acquisitions-api","userAgent":"HTTPie"}
{"level":"info","message":"::1 - - [07/Sep/2025:07:09:08 +0000] \"GET /health HTTP/1.1\" 403 51 \"-\" \"HTTPie\"","service":"acquisitions-api"}
{"ip":"::1","level":"warn","message":"Rate limit exceeded","path":"/health","service":"acquisitions-api","userAgent":"HTTPie"}
{"level":"info","message":"::1 - - [07/Sep/2025:07:09:08 +0000] \"GET /health HTTP/1.1\" 403 51 \"-\" \"HTTPie\"","service":"acquisitions-api"}
{"ip":"::1","level":"warn","message":"Rate limit exceeded","path":"/health","service":"acquisitions-api","userAgent":"HTTPie"}
{"level":"info","message":"::1 - - [07/Sep/2025:07:09:09 +0000] \"GET /health HTTP/1.1\" 403 51 \"-\" \"HTTPie\"","service":"acquisitions-api"}
{"ip":"::1","level":"warn","message":"Rate limit exceeded","path":"/health","service":"acquisitions-api","userAgent":"HTTPie"}
{"level":"info","message":"::1 - - [07/Sep/2025:07:09:44 +0000] \"GET /health HTTP/1.1\" 403 51 \"-\" \"HTTPie\"","service":"acquisitions-api"}
{"level":"info","message":"::1 - - [07/Sep/2025:10:19:11 +0000] \"GET /health HTTP/1.1\" 200 75 \"-\" \"-\"","service":"acquisitions-api"}
{"level":"info","message":"::1 - - [07/Sep/2025:10:19:41 +0000] \"GET /health HTTP/1.1\" 200 76 \"-\" \"-\"","service":"acquisitions-api"}
{"level":"info","message":"::1 - - [07/Sep/2025:10:20:12 +0000] \"GET /health HTTP/1.1\" 200 76 \"-\" \"-\"","service":"acquisitions-api"}
{"level":"info","message":"::1 - - [07/Sep/2025:10:20:42 +0000] \"GET /health HTTP/1.1\" 200 76 \"-\" \"-\"","service":"acquisitions-api"}
{"level":"info","message":"Hello from Acquisitions!","service":"acquisitions-api"}
{"level":"info","message":"::ffff:192.168.65.1 - - [07/Sep/2025:10:20:42 +0000] \"GET / HTTP/1.1\" 304 - \"-\" \"Mozilla/5.0 (Macintosh; Intel Mac OS X 10_15_7) AppleWebKit/537.36 (KHTML, like Gecko) Chrome/139.0.0.0 Safari/537.36\"","service":"acquisitions-api"}
{"level":"info","message":"::1 - - [07/Sep/2025:10:21:12 +0000] \"GET /health HTTP/1.1\" 200 77 \"-\" \"-\"","service":"acquisitions-api"}
{"level":"info","message":"Hello from Acquisitions!","service":"acquisitions-api"}
{"level":"info","message":"::ffff:192.168.65.1 - - [07/Sep/2025:10:21:34 +0000] \"GET / HTTP/1.1\" 304 - \"-\" \"Mozilla/5.0 (Macintosh; Intel Mac OS X 10_15_7) AppleWebKit/537.36 (KHTML, like Gecko) Chrome/139.0.0.0 Safari/537.36\"","service":"acquisitions-api"}
{"level":"info","message":"::ffff:192.168.65.1 - - [07/Sep/2025:10:21:42 +0000] \"GET /api HTTP/1.1\" 304 - \"-\" \"Mozilla/5.0 (Macintosh; Intel Mac OS X 10_15_7) AppleWebKit/537.36 (KHTML, like Gecko) Chrome/139.0.0.0 Safari/537.36\"","service":"acquisitions-api"}
{"level":"info","message":"::1 - - [07/Sep/2025:10:21:42 +0000] \"GET /health HTTP/1.1\" 200 77 \"-\" \"-\"","service":"acquisitions-api"}
{"level":"info","message":"::ffff:192.168.65.1 - - [07/Sep/2025:10:21:48 +0000] \"GET /health HTTP/1.1\" 200 77 \"-\" \"Mozilla/5.0 (Macintosh; Intel Mac OS X 10_15_7) AppleWebKit/537.36 (KHTML, like Gecko) Chrome/139.0.0.0 Safari/537.36\"","service":"acquisitions-api"}
{"level":"info","message":"::1 - - [07/Sep/2025:10:22:12 +0000] \"GET /health HTTP/1.1\" 200 77 \"-\" \"-\"","service":"acquisitions-api"}
{"level":"info","message":"Hello from Acquisitions!","service":"acquisitions-api"}
{"level":"info","message":"::ffff:192.168.65.1 - - [07/Sep/2025:10:22:14 +0000] \"GET / HTTP/1.1\" 200 24 \"-\" \"HTTPie\"","service":"acquisitions-api"}
{"level":"info","message":"::1 - - [07/Sep/2025:10:22:43 +0000] \"GET /health HTTP/1.1\" 200 77 \"-\" \"-\"","service":"acquisitions-api"}
{"level":"info","message":"::1 - - [07/Sep/2025:10:23:13 +0000] \"GET /health HTTP/1.1\" 200 77 \"-\" \"-\"","service":"acquisitions-api"}
{"level":"info","message":"::1 - - [07/Sep/2025:10:23:43 +0000] \"GET /health HTTP/1.1\" 200 77 \"-\" \"-\"","service":"acquisitions-api"}
{"level":"info","message":"::1 - - [07/Sep/2025:10:24:13 +0000] \"GET /health HTTP/1.1\" 200 77 \"-\" \"-\"","service":"acquisitions-api"}
{"level":"info","message":"::1 - - [07/Sep/2025:10:24:43 +0000] \"GET /health HTTP/1.1\" 200 76 \"-\" \"-\"","service":"acquisitions-api"}
{"level":"info","message":"::1 - - [07/Sep/2025:10:25:13 +0000] \"GET /health HTTP/1.1\" 200 77 \"-\" \"-\"","service":"acquisitions-api"}
{"level":"info","message":"::1 - - [07/Sep/2025:10:25:44 +0000] \"GET /health HTTP/1.1\" 200 77 \"-\" \"-\"","service":"acquisitions-api"}
{"level":"info","message":"::1 - - [07/Sep/2025:10:26:14 +0000] \"GET /health HTTP/1.1\" 200 77 \"-\" \"-\"","service":"acquisitions-api"}
{"level":"info","message":"::1 - - [07/Sep/2025:10:26:44 +0000] \"GET /health HTTP/1.1\" 200 77 \"-\" \"-\"","service":"acquisitions-api"}
{"level":"info","message":"::ffff:192.168.65.1 - - [07/Sep/2025:10:26:53 +0000] \"POST /api/sign-up HTTP/1.1\" 404 151 \"-\" \"HTTPie\"","service":"acquisitions-api"}
{"level":"info","message":"::ffff:192.168.65.1 - - [07/Sep/2025:10:27:09 +0000] \"POST /api/sign-up HTTP/1.1\" 404 151 \"-\" \"HTTPie\"","service":"acquisitions-api"}
{"level":"error","message":"Error creating the user: Error: Failed query: select \"id\", \"name\", \"email\", \"password\", \"role\", \"created_at\", \"updated_at\" from \"users\" where \"users\".\"email\" = $1 limit $2\nparams: contact@jsmastery.com,1","service":"acquisitions-api"}
{"cause":{"name":"NeonDbError","sourceError":{"cause":{"address":"::1","code":"ECONNREFUSED","errno":-111,"port":443,"syscall":"connect"}}},"level":"error","message":"Signup error Failed query: select \"id\", \"name\", \"email\", \"password\", \"role\", \"created_at\", \"updated_at\" from \"users\" where \"users\".\"email\" = $1 limit $2\nparams: contact@jsmastery.com,1","params":["contact@jsmastery.com",1],"query":"select \"id\", \"name\", \"email\", \"password\", \"role\", \"created_at\", \"updated_at\" from \"users\" where \"users\".\"email\" = $1 limit $2","service":"acquisitions-api","stack":"Error: Failed query: select \"id\", \"name\", \"email\", \"password\", \"role\", \"created_at\", \"updated_at\" from \"users\" where \"users\".\"email\" = $1 limit $2\nparams: contact@jsmastery.com,1\n    at NeonHttpPreparedQuery.queryWithCache (file:///app/node_modules/drizzle-orm/pg-core/session.js:41:15)\n    at process.processTicksAndRejections (node:internal/process/task_queues:95:5)\n    at async NeonHttpPreparedQuery.execute (file:///app/node_modules/drizzle-orm/neon-http/session.js:45:20)\n    at async createUser (file:///app/src/services/auth.service.js:27:26)\n    at async signup (file:///app/src/controllers/auth.controller.js:21:18)"}
{"level":"info","message":"::ffff:192.168.65.1 - - [07/Sep/2025:10:27:14 +0000] \"POST /api/auth/sign-up HTTP/1.1\" 500 920 \"-\" \"HTTPie\"","service":"acquisitions-api"}
{"level":"info","message":"::1 - - [07/Sep/2025:10:27:14 +0000] \"GET /health HTTP/1.1\" 200 77 \"-\" \"-\"","service":"acquisitions-api"}
{"level":"error","message":"Error creating the user: Error: Failed query: select \"id\", \"name\", \"email\", \"password\", \"role\", \"created_at\", \"updated_at\" from \"users\" where \"users\".\"email\" = $1 limit $2\nparams: contact55@jsmastery.com,1","service":"acquisitions-api"}
{"cause":{"name":"NeonDbError","sourceError":{"cause":{"address":"::1","code":"ECONNREFUSED","errno":-111,"port":443,"syscall":"connect"}}},"level":"error","message":"Signup error Failed query: select \"id\", \"name\", \"email\", \"password\", \"role\", \"created_at\", \"updated_at\" from \"users\" where \"users\".\"email\" = $1 limit $2\nparams: contact55@jsmastery.com,1","params":["contact55@jsmastery.com",1],"query":"select \"id\", \"name\", \"email\", \"password\", \"role\", \"created_at\", \"updated_at\" from \"users\" where \"users\".\"email\" = $1 limit $2","service":"acquisitions-api","stack":"Error: Failed query: select \"id\", \"name\", \"email\", \"password\", \"role\", \"created_at\", \"updated_at\" from \"users\" where \"users\".\"email\" = $1 limit $2\nparams: contact55@jsmastery.com,1\n    at NeonHttpPreparedQuery.queryWithCache (file:///app/node_modules/drizzle-orm/pg-core/session.js:41:15)\n    at process.processTicksAndRejections (node:internal/process/task_queues:95:5)\n    at async NeonHttpPreparedQuery.execute (file:///app/node_modules/drizzle-orm/neon-http/session.js:45:20)\n    at async createUser (file:///app/src/services/auth.service.js:27:26)\n    at async signup (file:///app/src/controllers/auth.controller.js:21:18)"}
{"level":"info","message":"::ffff:192.168.65.1 - - [07/Sep/2025:10:27:44 +0000] \"POST /api/auth/sign-up HTTP/1.1\" 500 922 \"-\" \"HTTPie\"","service":"acquisitions-api"}
{"level":"info","message":"::1 - - [07/Sep/2025:10:27:44 +0000] \"GET /health HTTP/1.1\" 200 77 \"-\" \"-\"","service":"acquisitions-api"}
{"ip":"::ffff:192.168.65.1","level":"warn","message":"Rate limit exceeded","path":"/api/auth/sign-up","service":"acquisitions-api","userAgent":"HTTPie"}
{"level":"info","message":"::ffff:192.168.65.1 - - [07/Sep/2025:10:27:48 +0000] \"POST /api/auth/sign-up HTTP/1.1\" 403 51 \"-\" \"HTTPie\"","service":"acquisitions-api"}
{"level":"info","message":"::1 - - [07/Sep/2025:10:28:15 +0000] \"GET /health HTTP/1.1\" 200 77 \"-\" \"-\"","service":"acquisitions-api"}
{"level":"info","message":"::1 - - [07/Sep/2025:10:28:45 +0000] \"GET /health HTTP/1.1\" 200 77 \"-\" \"-\"","service":"acquisitions-api"}
{"level":"info","message":"::1 - - [07/Sep/2025:10:29:15 +0000] \"GET /health HTTP/1.1\" 200 77 \"-\" \"-\"","service":"acquisitions-api"}
{"level":"info","message":"::1 - - [07/Sep/2025:10:29:45 +0000] \"GET /health HTTP/1.1\" 200 77 \"-\" \"-\"","service":"acquisitions-api"}
{"level":"error","message":"Error creating the user: Error: Failed query: select \"id\", \"name\", \"email\", \"password\", \"role\", \"created_at\", \"updated_at\" from \"users\" where \"users\".\"email\" = $1 limit $2\nparams: contact@jsmastery.com,1","service":"acquisitions-api"}
{"cause":{"name":"NeonDbError","sourceError":{"cause":{"address":"::1","code":"ECONNREFUSED","errno":-111,"port":443,"syscall":"connect"}}},"level":"error","message":"Signup error Failed query: select \"id\", \"name\", \"email\", \"password\", \"role\", \"created_at\", \"updated_at\" from \"users\" where \"users\".\"email\" = $1 limit $2\nparams: contact@jsmastery.com,1","params":["contact@jsmastery.com",1],"query":"select \"id\", \"name\", \"email\", \"password\", \"role\", \"created_at\", \"updated_at\" from \"users\" where \"users\".\"email\" = $1 limit $2","service":"acquisitions-api","stack":"Error: Failed query: select \"id\", \"name\", \"email\", \"password\", \"role\", \"created_at\", \"updated_at\" from \"users\" where \"users\".\"email\" = $1 limit $2\nparams: contact@jsmastery.com,1\n    at NeonHttpPreparedQuery.queryWithCache (file:///app/node_modules/drizzle-orm/pg-core/session.js:41:15)\n    at process.processTicksAndRejections (node:internal/process/task_queues:95:5)\n    at async NeonHttpPreparedQuery.execute (file:///app/node_modules/drizzle-orm/neon-http/session.js:45:20)\n    at async createUser (file:///app/src/services/auth.service.js:27:26)\n    at async signup (file:///app/src/controllers/auth.controller.js:21:18)"}
{"level":"info","message":"::ffff:192.168.65.1 - - [07/Sep/2025:10:30:15 +0000] \"POST /api/auth/sign-up HTTP/1.1\" 500 920 \"-\" \"HTTPie\"","service":"acquisitions-api"}
{"level":"info","message":"::1 - - [07/Sep/2025:10:30:15 +0000] \"GET /health HTTP/1.1\" 200 77 \"-\" \"-\"","service":"acquisitions-api"}
{"level":"info","message":"::1 - - [07/Sep/2025:10:30:45 +0000] \"GET /health HTTP/1.1\" 200 77 \"-\" \"-\"","service":"acquisitions-api"}
{"level":"error","message":"Error authenticating user: Error: Failed query: select \"id\", \"name\", \"email\", \"password\", \"role\", \"created_at\", \"updated_at\" from \"users\" where \"users\".\"email\" = $1 limit $2\nparams: contact@jsmastery.com,1","service":"acquisitions-api"}
{"cause":{"name":"NeonDbError","sourceError":{"cause":{"address":"::1","code":"ECONNREFUSED","errno":-111,"port":443,"syscall":"connect"}}},"level":"error","message":"Sign in error Failed query: select \"id\", \"name\", \"email\", \"password\", \"role\", \"created_at\", \"updated_at\" from \"users\" where \"users\".\"email\" = $1 limit $2\nparams: contact@jsmastery.com,1","params":["contact@jsmastery.com",1],"query":"select \"id\", \"name\", \"email\", \"password\", \"role\", \"created_at\", \"updated_at\" from \"users\" where \"users\".\"email\" = $1 limit $2","service":"acquisitions-api","stack":"Error: Failed query: select \"id\", \"name\", \"email\", \"password\", \"role\", \"created_at\", \"updated_at\" from \"users\" where \"users\".\"email\" = $1 limit $2\nparams: contact@jsmastery.com,1\n    at NeonHttpPreparedQuery.queryWithCache (file:///app/node_modules/drizzle-orm/pg-core/session.js:41:15)\n    at process.processTicksAndRejections (node:internal/process/task_queues:95:5)\n    at async NeonHttpPreparedQuery.execute (file:///app/node_modules/drizzle-orm/neon-http/session.js:45:20)\n    at async authenticateUser (file:///app/src/services/auth.service.js:48:28)\n    at async signIn (file:///app/src/controllers/auth.controller.js:58:18)"}
{"level":"info","message":"::ffff:192.168.65.1 - - [07/Sep/2025:10:30:46 +0000] \"POST /api/auth/sign-in HTTP/1.1\" 500 926 \"-\" \"HTTPie\"","service":"acquisitions-api"}
{"level":"info","message":"::1 - - [07/Sep/2025:10:31:15 +0000] \"GET /health HTTP/1.1\" 200 77 \"-\" \"-\"","service":"acquisitions-api"}
{"level":"info","message":"::1 - - [07/Sep/2025:10:31:46 +0000] \"GET /health HTTP/1.1\" 200 77 \"-\" \"-\"","service":"acquisitions-api"}
{"level":"info","message":"::1 - - [07/Sep/2025:10:32:22 +0000] \"GET /health HTTP/1.1\" 200 75 \"-\" \"-\"","service":"acquisitions-api"}
{"level":"error","message":"Error authenticating user: Error: Failed query: select \"id\", \"name\", \"email\", \"password\", \"role\", \"created_at\", \"updated_at\" from \"users\" where \"users\".\"email\" = $1 limit $2\nparams: contact@jsmastery.com,1","service":"acquisitions-api"}
{"cause":{"name":"NeonDbError","sourceError":{"cause":{"address":"::1","code":"ECONNREFUSED","errno":-111,"port":443,"syscall":"connect"}}},"level":"error","message":"Sign in error Failed query: select \"id\", \"name\", \"email\", \"password\", \"role\", \"created_at\", \"updated_at\" from \"users\" where \"users\".\"email\" = $1 limit $2\nparams: contact@jsmastery.com,1","params":["contact@jsmastery.com",1],"query":"select \"id\", \"name\", \"email\", \"password\", \"role\", \"created_at\", \"updated_at\" from \"users\" where \"users\".\"email\" = $1 limit $2","service":"acquisitions-api","stack":"Error: Failed query: select \"id\", \"name\", \"email\", \"password\", \"role\", \"created_at\", \"updated_at\" from \"users\" where \"users\".\"email\" = $1 limit $2\nparams: contact@jsmastery.com,1\n    at NeonHttpPreparedQuery.queryWithCache (file:///app/node_modules/drizzle-orm/pg-core/session.js:41:15)\n    at process.processTicksAndRejections (node:internal/process/task_queues:95:5)\n    at async NeonHttpPreparedQuery.execute (file:///app/node_modules/drizzle-orm/neon-http/session.js:45:20)\n    at async authenticateUser (file:///app/src/services/auth.service.js:48:28)\n    at async signIn (file:///app/src/controllers/auth.controller.js:58:18)"}
{"level":"info","message":"::ffff:192.168.65.1 - - [07/Sep/2025:10:32:24 +0000] \"POST /api/auth/sign-in HTTP/1.1\" 500 926 \"-\" \"HTTPie\"","service":"acquisitions-api"}
{"level":"info","message":"::1 - - [07/Sep/2025:10:32:52 +0000] \"GET /health HTTP/1.1\" 200 74 \"-\" \"-\"","service":"acquisitions-api"}
{"level":"info","message":"::1 - - [07/Sep/2025:10:33:22 +0000] \"GET /health HTTP/1.1\" 200 76 \"-\" \"-\"","service":"acquisitions-api"}
{"level":"info","message":"::1 - - [07/Sep/2025:10:33:52 +0000] \"GET /health HTTP/1.1\" 200 76 \"-\" \"-\"","service":"acquisitions-api"}
{"level":"info","message":"::1 - - [07/Sep/2025:10:34:22 +0000] \"GET /health HTTP/1.1\" 200 77 \"-\" \"-\"","service":"acquisitions-api"}
{"level":"info","message":"::1 - - [07/Sep/2025:10:34:53 +0000] \"GET /health HTTP/1.1\" 200 77 \"-\" \"-\"","service":"acquisitions-api"}
{"level":"error","message":"Error creating the user: Error: Failed query: select \"id\", \"name\", \"email\", \"password\", \"role\", \"created_at\", \"updated_at\" from \"users\" where \"users\".\"email\" = $1 limit $2\nparams: contact@jsmastery.com,1","service":"acquisitions-api"}
{"cause":{"name":"NeonDbError","sourceError":{"cause":{"address":"::1","code":"ECONNREFUSED","errno":-111,"port":443,"syscall":"connect"}}},"level":"error","message":"Signup error Failed query: select \"id\", \"name\", \"email\", \"password\", \"role\", \"created_at\", \"updated_at\" from \"users\" where \"users\".\"email\" = $1 limit $2\nparams: contact@jsmastery.com,1","params":["contact@jsmastery.com",1],"query":"select \"id\", \"name\", \"email\", \"password\", \"role\", \"created_at\", \"updated_at\" from \"users\" where \"users\".\"email\" = $1 limit $2","service":"acquisitions-api","stack":"Error: Failed query: select \"id\", \"name\", \"email\", \"password\", \"role\", \"created_at\", \"updated_at\" from \"users\" where \"users\".\"email\" = $1 limit $2\nparams: contact@jsmastery.com,1\n    at NeonHttpPreparedQuery.queryWithCache (file:///app/node_modules/drizzle-orm/pg-core/session.js:41:15)\n    at process.processTicksAndRejections (node:internal/process/task_queues:95:5)\n    at async NeonHttpPreparedQuery.execute (file:///app/node_modules/drizzle-orm/neon-http/session.js:45:20)\n    at async createUser (file:///app/src/services/auth.service.js:27:26)\n    at async signup (file:///app/src/controllers/auth.controller.js:21:18)"}
{"level":"info","message":"::ffff:192.168.65.1 - - [07/Sep/2025:10:35:21 +0000] \"POST /api/auth/sign-up HTTP/1.1\" 500 920 \"-\" \"HTTPie\"","service":"acquisitions-api"}
{"level":"info","message":"::1 - - [07/Sep/2025:10:35:23 +0000] \"GET /health HTTP/1.1\" 200 77 \"-\" \"-\"","service":"acquisitions-api"}
{"level":"info","message":"::1 - - [07/Sep/2025:10:35:53 +0000] \"GET /health HTTP/1.1\" 200 77 \"-\" \"-\"","service":"acquisitions-api"}
{"level":"info","message":"::1 - - [07/Sep/2025:10:36:23 +0000] \"GET /health HTTP/1.1\" 200 77 \"-\" \"-\"","service":"acquisitions-api"}
{"level":"info","message":"::1 - - [07/Sep/2025:10:36:54 +0000] \"GET /health HTTP/1.1\" 200 77 \"-\" \"-\"","service":"acquisitions-api"}
{"level":"info","message":"::1 - - [07/Sep/2025:10:37:24 +0000] \"GET /health HTTP/1.1\" 200 77 \"-\" \"-\"","service":"acquisitions-api"}
{"level":"info","message":"::1 - - [07/Sep/2025:10:37:54 +0000] \"GET /health HTTP/1.1\" 200 77 \"-\" \"-\"","service":"acquisitions-api"}
{"level":"info","message":"::1 - - [07/Sep/2025:10:38:24 +0000] \"GET /health HTTP/1.1\" 200 76 \"-\" \"-\"","service":"acquisitions-api"}
{"level":"info","message":"User contact@jsmastery.com created successfully","service":"acquisitions-api"}
{"level":"info","message":"User registered successfully: contact@jsmastery.com","service":"acquisitions-api"}
{"level":"info","message":"::ffff:192.168.65.1 - - [07/Sep/2025:10:38:31 +0000] \"POST /api/auth/sign-up HTTP/1.1\" 201 107 \"-\" \"HTTPie\"","service":"acquisitions-api"}
{"level":"info","message":"::1 - - [07/Sep/2025:10:38:55 +0000] \"GET /health HTTP/1.1\" 200 76 \"-\" \"-\"","service":"acquisitions-api"}
{"level":"info","message":"::1 - - [07/Sep/2025:10:39:25 +0000] \"GET /health HTTP/1.1\" 200 76 \"-\" \"-\"","service":"acquisitions-api"}
{"level":"info","message":"::1 - - [07/Sep/2025:10:39:55 +0000] \"GET /health HTTP/1.1\" 200 77 \"-\" \"-\"","service":"acquisitions-api"}
{"level":"info","message":"::1 - - [07/Sep/2025:10:40:25 +0000] \"GET /health HTTP/1.1\" 200 77 \"-\" \"-\"","service":"acquisitions-api"}
{"level":"info","message":"::1 - - [07/Sep/2025:10:40:55 +0000] \"GET /health HTTP/1.1\" 200 77 \"-\" \"-\"","service":"acquisitions-api"}
{"level":"info","message":"::1 - - [07/Sep/2025:10:41:26 +0000] \"GET /health HTTP/1.1\" 200 76 \"-\" \"-\"","service":"acquisitions-api"}
{"level":"info","message":"::1 - - [07/Sep/2025:10:41:56 +0000] \"GET /health HTTP/1.1\" 200 77 \"-\" \"-\"","service":"acquisitions-api"}
